
*** Running vivado
    with args -log MipsTopLevel.vds -m64 -product Vivado -mode batch -messageDb vivado.pb -notrace -source MipsTopLevel.tcl


ECHO is off.
ECHO is off.

****** Vivado v2023.2 (64-bit)
  **** SW Build 4029153 on Fri Oct 13 20:14:34 MDT 2023
  **** IP Build 4028589 on Sat Oct 14 00:45:43 MDT 2023
  **** SharedData Build 4025554 on Tue Oct 10 17:18:54 MDT 2023
    ** Copyright 1986-2022 Xilinx, Inc. All Rights Reserved.
    ** Copyright 2022-2023 Advanced Micro Devices, Inc. All Rights Reserved.

source MipsTopLevel.tcl -notrace
Command: read_checkpoint -auto_incremental -incremental C:/Users/Julie/OneDrive/Desktop/CA/MIPS_Pipeline/MIPS.srcs/utils_1/imports/synth_1/test_env.dcp
INFO: [Vivado 12-5825] Read reference checkpoint from C:/Users/Julie/OneDrive/Desktop/CA/MIPS_Pipeline/MIPS.srcs/utils_1/imports/synth_1/test_env.dcp for incremental synthesis
INFO: [Vivado 12-7989] Please ensure there are no constraint changes
Command: synth_design -top MipsTopLevel -part xc7a35tcpg236-1
Starting synth_design
Attempting to get a license for feature 'Synthesis' and/or device 'xc7a35t'
INFO: [Common 17-349] Got license for feature 'Synthesis' and/or device 'xc7a35t'
INFO: [Device 21-403] Loading part xc7a35tcpg236-1
INFO: [Designutils 20-5440] No compile time benefit to using incremental synthesis; A full resynthesis will be run
INFO: [Designutils 20-4379] Flow is switching to default flow due to incremental criteria not met. If you would like to alter this behaviour and have the flow terminate instead, please set the following parameter config_implementation {autoIncr.Synth.RejectBehavior Terminate}
INFO: [Synth 8-7079] Multithreading enabled for synth_design using a maximum of 2 processes.
INFO: [Synth 8-7078] Launching helper process for spawning children vivado processes
INFO: [Synth 8-7075] Helper process launched with PID 28940
---------------------------------------------------------------------------------
Starting RTL Elaboration : Time (s): cpu = 00:00:04 ; elapsed = 00:00:04 . Memory (MB): peak = 1319.777 ; gain = 440.320
---------------------------------------------------------------------------------
INFO: [Synth 8-638] synthesizing module 'MipsTopLevel' [C:/Users/Julie/OneDrive/Desktop/CA/MIPS_Pipeline/MIPS.srcs/sources_1/new/MipsTopLevel.vhd:42]
WARNING: [Synth 8-614] signal 'we_mpg' is read in the process but is not in the sensitivity list [C:/Users/Julie/OneDrive/Desktop/CA/MIPS_Pipeline/MIPS.srcs/sources_1/new/MipsTopLevel.vhd:252]
INFO: [Synth 8-3491] module 'MPG' declared at 'C:/Users/Julie/OneDrive/Desktop/CA/MIPS_Pipeline/MIPS.srcs/sim_1/new/debouncer.vhd:28' bound to instance 'MPG_WE' of component 'MPG' [C:/Users/Julie/OneDrive/Desktop/CA/MIPS_Pipeline/MIPS.srcs/sources_1/new/MipsTopLevel.vhd:322]
INFO: [Synth 8-638] synthesizing module 'MPG' [C:/Users/Julie/OneDrive/Desktop/CA/MIPS_Pipeline/MIPS.srcs/sim_1/new/debouncer.vhd:35]
INFO: [Synth 8-256] done synthesizing module 'MPG' (0#1) [C:/Users/Julie/OneDrive/Desktop/CA/MIPS_Pipeline/MIPS.srcs/sim_1/new/debouncer.vhd:35]
INFO: [Synth 8-3491] module 'MPG' declared at 'C:/Users/Julie/OneDrive/Desktop/CA/MIPS_Pipeline/MIPS.srcs/sim_1/new/debouncer.vhd:28' bound to instance 'MPG_RST' of component 'MPG' [C:/Users/Julie/OneDrive/Desktop/CA/MIPS_Pipeline/MIPS.srcs/sources_1/new/MipsTopLevel.vhd:323]
INFO: [Synth 8-3491] module 'Instruction_Fetch' declared at 'C:/Users/Julie/OneDrive/Desktop/CA/MIPS_Pipeline/MIPS.srcs/sim_1/new/Instruction_Fetch.vhd:7' bound to instance 'INSTR_FETCH' of component 'Instruction_Fetch' [C:/Users/Julie/OneDrive/Desktop/CA/MIPS_Pipeline/MIPS.srcs/sources_1/new/MipsTopLevel.vhd:329]
INFO: [Synth 8-638] synthesizing module 'Instruction_Fetch' [C:/Users/Julie/OneDrive/Desktop/CA/MIPS_Pipeline/MIPS.srcs/sim_1/new/Instruction_Fetch.vhd:21]
INFO: [Synth 8-226] default block is never used [C:/Users/Julie/OneDrive/Desktop/CA/MIPS_Pipeline/MIPS.srcs/sim_1/new/Instruction_Fetch.vhd:105]
INFO: [Synth 8-226] default block is never used [C:/Users/Julie/OneDrive/Desktop/CA/MIPS_Pipeline/MIPS.srcs/sim_1/new/Instruction_Fetch.vhd:115]
INFO: [Synth 8-256] done synthesizing module 'Instruction_Fetch' (0#1) [C:/Users/Julie/OneDrive/Desktop/CA/MIPS_Pipeline/MIPS.srcs/sim_1/new/Instruction_Fetch.vhd:21]
INFO: [Synth 8-3491] module 'MainControl' declared at 'C:/Users/Julie/OneDrive/Desktop/CA/MIPS_Pipeline/MIPS.srcs/sim_1/new/MainControl.vhd:5' bound to instance 'MAIN_CONTROL' of component 'MainControl' [C:/Users/Julie/OneDrive/Desktop/CA/MIPS_Pipeline/MIPS.srcs/sources_1/new/MipsTopLevel.vhd:331]
INFO: [Synth 8-638] synthesizing module 'MainControl' [C:/Users/Julie/OneDrive/Desktop/CA/MIPS_Pipeline/MIPS.srcs/sim_1/new/MainControl.vhd:20]
INFO: [Synth 8-226] default block is never used [C:/Users/Julie/OneDrive/Desktop/CA/MIPS_Pipeline/MIPS.srcs/sim_1/new/MainControl.vhd:38]
INFO: [Synth 8-256] done synthesizing module 'MainControl' (0#1) [C:/Users/Julie/OneDrive/Desktop/CA/MIPS_Pipeline/MIPS.srcs/sim_1/new/MainControl.vhd:20]
INFO: [Synth 8-3491] module 'instDec' declared at 'C:/Users/Julie/OneDrive/Desktop/CA/MIPS_Pipeline/MIPS.srcs/sources_1/new/instDec.vhd:6' bound to instance 'INSTR_DECODE' of component 'instDec' [C:/Users/Julie/OneDrive/Desktop/CA/MIPS_Pipeline/MIPS.srcs/sources_1/new/MipsTopLevel.vhd:333]
INFO: [Synth 8-638] synthesizing module 'instDec' [C:/Users/Julie/OneDrive/Desktop/CA/MIPS_Pipeline/MIPS.srcs/sources_1/new/instDec.vhd:23]
INFO: [Synth 8-3491] module 'reg_file' declared at 'C:/Users/Julie/OneDrive/Desktop/CA/MIPS_Pipeline/MIPS.srcs/sim_1/new/reg_file.vhd:6' bound to instance 'reg' of component 'reg_file' [C:/Users/Julie/OneDrive/Desktop/CA/MIPS_Pipeline/MIPS.srcs/sources_1/new/instDec.vhd:49]
INFO: [Synth 8-638] synthesizing module 'reg_file' [C:/Users/Julie/OneDrive/Desktop/CA/MIPS_Pipeline/MIPS.srcs/sim_1/new/reg_file.vhd:18]
INFO: [Synth 8-256] done synthesizing module 'reg_file' (0#1) [C:/Users/Julie/OneDrive/Desktop/CA/MIPS_Pipeline/MIPS.srcs/sim_1/new/reg_file.vhd:18]
INFO: [Synth 8-256] done synthesizing module 'instDec' (0#1) [C:/Users/Julie/OneDrive/Desktop/CA/MIPS_Pipeline/MIPS.srcs/sources_1/new/instDec.vhd:23]
INFO: [Synth 8-3491] module 'ExecutionUnit' declared at 'C:/Users/Julie/OneDrive/Desktop/CA/MIPS_Pipeline/MIPS.srcs/sources_1/new/ExecutionUnit.vhd:6' bound to instance 'EXECUTION_UNIT' of component 'ExecutionUnit' [C:/Users/Julie/OneDrive/Desktop/CA/MIPS_Pipeline/MIPS.srcs/sources_1/new/MipsTopLevel.vhd:337]
INFO: [Synth 8-638] synthesizing module 'ExecutionUnit' [C:/Users/Julie/OneDrive/Desktop/CA/MIPS_Pipeline/MIPS.srcs/sources_1/new/ExecutionUnit.vhd:20]
WARNING: [Synth 8-614] signal 'ALUOut' is read in the process but is not in the sensitivity list [C:/Users/Julie/OneDrive/Desktop/CA/MIPS_Pipeline/MIPS.srcs/sources_1/new/ExecutionUnit.vhd:61]
INFO: [Synth 8-256] done synthesizing module 'ExecutionUnit' (0#1) [C:/Users/Julie/OneDrive/Desktop/CA/MIPS_Pipeline/MIPS.srcs/sources_1/new/ExecutionUnit.vhd:20]
INFO: [Synth 8-3491] module 'DataMemory' declared at 'C:/Users/Julie/OneDrive/Desktop/CA/MIPS_Pipeline/MIPS.srcs/sources_1/new/DataMemory.vhd:6' bound to instance 'DATA_MEMORY' of component 'DataMemory' [C:/Users/Julie/OneDrive/Desktop/CA/MIPS_Pipeline/MIPS.srcs/sources_1/new/MipsTopLevel.vhd:338]
INFO: [Synth 8-638] synthesizing module 'DataMemory' [C:/Users/Julie/OneDrive/Desktop/CA/MIPS_Pipeline/MIPS.srcs/sources_1/new/DataMemory.vhd:14]
INFO: [Synth 8-256] done synthesizing module 'DataMemory' (0#1) [C:/Users/Julie/OneDrive/Desktop/CA/MIPS_Pipeline/MIPS.srcs/sources_1/new/DataMemory.vhd:14]
WARNING: [Synth 8-614] signal 'jump_signal' is read in the process but is not in the sensitivity list [C:/Users/Julie/OneDrive/Desktop/CA/MIPS_Pipeline/MIPS.srcs/sources_1/new/MipsTopLevel.vhd:340]
WARNING: [Synth 8-614] signal 'branch_signal' is read in the process but is not in the sensitivity list [C:/Users/Julie/OneDrive/Desktop/CA/MIPS_Pipeline/MIPS.srcs/sources_1/new/MipsTopLevel.vhd:340]
WARNING: [Synth 8-614] signal 'ExtOp_signal' is read in the process but is not in the sensitivity list [C:/Users/Julie/OneDrive/Desktop/CA/MIPS_Pipeline/MIPS.srcs/sources_1/new/MipsTopLevel.vhd:340]
WARNING: [Synth 8-614] signal 'ALUSrc_signal' is read in the process but is not in the sensitivity list [C:/Users/Julie/OneDrive/Desktop/CA/MIPS_Pipeline/MIPS.srcs/sources_1/new/MipsTopLevel.vhd:340]
WARNING: [Synth 8-614] signal 'MemWrite_signal' is read in the process but is not in the sensitivity list [C:/Users/Julie/OneDrive/Desktop/CA/MIPS_Pipeline/MIPS.srcs/sources_1/new/MipsTopLevel.vhd:340]
WARNING: [Synth 8-614] signal 'MemToReg_signal' is read in the process but is not in the sensitivity list [C:/Users/Julie/OneDrive/Desktop/CA/MIPS_Pipeline/MIPS.srcs/sources_1/new/MipsTopLevel.vhd:340]
WARNING: [Synth 8-614] signal 'RegWrite_signal' is read in the process but is not in the sensitivity list [C:/Users/Julie/OneDrive/Desktop/CA/MIPS_Pipeline/MIPS.srcs/sources_1/new/MipsTopLevel.vhd:340]
WARNING: [Synth 8-614] signal 'instruction' is read in the process but is not in the sensitivity list [C:/Users/Julie/OneDrive/Desktop/CA/MIPS_Pipeline/MIPS.srcs/sources_1/new/MipsTopLevel.vhd:340]
WARNING: [Synth 8-614] signal 'pc_out' is read in the process but is not in the sensitivity list [C:/Users/Julie/OneDrive/Desktop/CA/MIPS_Pipeline/MIPS.srcs/sources_1/new/MipsTopLevel.vhd:340]
WARNING: [Synth 8-614] signal 'read_data_1_out' is read in the process but is not in the sensitivity list [C:/Users/Julie/OneDrive/Desktop/CA/MIPS_Pipeline/MIPS.srcs/sources_1/new/MipsTopLevel.vhd:340]
WARNING: [Synth 8-614] signal 'read_data_2_out' is read in the process but is not in the sensitivity list [C:/Users/Julie/OneDrive/Desktop/CA/MIPS_Pipeline/MIPS.srcs/sources_1/new/MipsTopLevel.vhd:340]
WARNING: [Synth 8-614] signal 'ext_imm_out' is read in the process but is not in the sensitivity list [C:/Users/Julie/OneDrive/Desktop/CA/MIPS_Pipeline/MIPS.srcs/sources_1/new/MipsTopLevel.vhd:340]
WARNING: [Synth 8-614] signal 'alu_out' is read in the process but is not in the sensitivity list [C:/Users/Julie/OneDrive/Desktop/CA/MIPS_Pipeline/MIPS.srcs/sources_1/new/MipsTopLevel.vhd:340]
WARNING: [Synth 8-614] signal 'data_mem_out' is read in the process but is not in the sensitivity list [C:/Users/Julie/OneDrive/Desktop/CA/MIPS_Pipeline/MIPS.srcs/sources_1/new/MipsTopLevel.vhd:340]
WARNING: [Synth 8-614] signal 'mem_wb_mux_address' is read in the process but is not in the sensitivity list [C:/Users/Julie/OneDrive/Desktop/CA/MIPS_Pipeline/MIPS.srcs/sources_1/new/MipsTopLevel.vhd:340]
INFO: [Synth 8-3491] module 'seven_seg' declared at 'C:/Users/Julie/OneDrive/Desktop/CA/MIPS_Pipeline/MIPS.srcs/sim_1/new/seven_seg.vhd:36' bound to instance 'ssd' of component 'seven_seg' [C:/Users/Julie/OneDrive/Desktop/CA/MIPS_Pipeline/MIPS.srcs/sources_1/new/MipsTopLevel.vhd:360]
INFO: [Synth 8-638] synthesizing module 'seven_seg' [C:/Users/Julie/OneDrive/Desktop/CA/MIPS_Pipeline/MIPS.srcs/sim_1/new/seven_seg.vhd:43]
INFO: [Synth 8-226] default block is never used [C:/Users/Julie/OneDrive/Desktop/CA/MIPS_Pipeline/MIPS.srcs/sim_1/new/seven_seg.vhd:58]
INFO: [Synth 8-256] done synthesizing module 'seven_seg' (0#1) [C:/Users/Julie/OneDrive/Desktop/CA/MIPS_Pipeline/MIPS.srcs/sim_1/new/seven_seg.vhd:43]
INFO: [Synth 8-256] done synthesizing module 'MipsTopLevel' (0#1) [C:/Users/Julie/OneDrive/Desktop/CA/MIPS_Pipeline/MIPS.srcs/sources_1/new/MipsTopLevel.vhd:42]
WARNING: [Synth 8-6014] Unused sequential element ex_mem_instruction_reg was removed.  [C:/Users/Julie/OneDrive/Desktop/CA/MIPS_Pipeline/MIPS.srcs/sources_1/new/MipsTopLevel.vhd:259]
WARNING: [Synth 8-6014] Unused sequential element mem_wb_instruction_reg was removed.  [C:/Users/Julie/OneDrive/Desktop/CA/MIPS_Pipeline/MIPS.srcs/sources_1/new/MipsTopLevel.vhd:260]
WARNING: [Synth 8-6014] Unused sequential element if_id_pc_out_reg was removed.  [C:/Users/Julie/OneDrive/Desktop/CA/MIPS_Pipeline/MIPS.srcs/sources_1/new/MipsTopLevel.vhd:264]
WARNING: [Synth 8-6014] Unused sequential element id_ex_shift_reg was removed.  [C:/Users/Julie/OneDrive/Desktop/CA/MIPS_Pipeline/MIPS.srcs/sources_1/new/MipsTopLevel.vhd:291]
WARNING: [Synth 8-3848] Net jump_add in module/entity MipsTopLevel does not have driver. [C:/Users/Julie/OneDrive/Desktop/CA/MIPS_Pipeline/MIPS.srcs/sources_1/new/MipsTopLevel.vhd:143]
WARNING: [Synth 8-7129] Port Address[15] in module DataMemory is either unconnected or has no load
WARNING: [Synth 8-7129] Port Address[14] in module DataMemory is either unconnected or has no load
WARNING: [Synth 8-7129] Port Address[13] in module DataMemory is either unconnected or has no load
WARNING: [Synth 8-7129] Port Address[12] in module DataMemory is either unconnected or has no load
WARNING: [Synth 8-7129] Port Address[11] in module DataMemory is either unconnected or has no load
WARNING: [Synth 8-7129] Port inst[15] in module instDec is either unconnected or has no load
WARNING: [Synth 8-7129] Port inst[14] in module instDec is either unconnected or has no load
WARNING: [Synth 8-7129] Port inst[13] in module instDec is either unconnected or has no load
WARNING: [Synth 8-7129] Port RegDst in module instDec is either unconnected or has no load
WARNING: [Synth 8-7129] Port ExtOp in module instDec is either unconnected or has no load
WARNING: [Synth 8-7129] Port jump_address[15] in module Instruction_Fetch is either unconnected or has no load
WARNING: [Synth 8-7129] Port jump_address[14] in module Instruction_Fetch is either unconnected or has no load
WARNING: [Synth 8-7129] Port jump_address[13] in module Instruction_Fetch is either unconnected or has no load
WARNING: [Synth 8-7129] Port jump_address[12] in module Instruction_Fetch is either unconnected or has no load
WARNING: [Synth 8-7129] Port jump_address[11] in module Instruction_Fetch is either unconnected or has no load
WARNING: [Synth 8-7129] Port jump_address[10] in module Instruction_Fetch is either unconnected or has no load
WARNING: [Synth 8-7129] Port jump_address[9] in module Instruction_Fetch is either unconnected or has no load
WARNING: [Synth 8-7129] Port jump_address[8] in module Instruction_Fetch is either unconnected or has no load
WARNING: [Synth 8-7129] Port jump_address[7] in module Instruction_Fetch is either unconnected or has no load
WARNING: [Synth 8-7129] Port jump_address[6] in module Instruction_Fetch is either unconnected or has no load
WARNING: [Synth 8-7129] Port jump_address[5] in module Instruction_Fetch is either unconnected or has no load
WARNING: [Synth 8-7129] Port jump_address[4] in module Instruction_Fetch is either unconnected or has no load
WARNING: [Synth 8-7129] Port jump_address[3] in module Instruction_Fetch is either unconnected or has no load
WARNING: [Synth 8-7129] Port jump_address[2] in module Instruction_Fetch is either unconnected or has no load
WARNING: [Synth 8-7129] Port jump_address[1] in module Instruction_Fetch is either unconnected or has no load
WARNING: [Synth 8-7129] Port jump_address[0] in module Instruction_Fetch is either unconnected or has no load
---------------------------------------------------------------------------------
Finished RTL Elaboration : Time (s): cpu = 00:00:05 ; elapsed = 00:00:05 . Memory (MB): peak = 1430.527 ; gain = 551.070
---------------------------------------------------------------------------------
---------------------------------------------------------------------------------
Start Handling Custom Attributes
---------------------------------------------------------------------------------
---------------------------------------------------------------------------------
Finished Handling Custom Attributes : Time (s): cpu = 00:00:05 ; elapsed = 00:00:05 . Memory (MB): peak = 1430.527 ; gain = 551.070
---------------------------------------------------------------------------------
---------------------------------------------------------------------------------
Finished RTL Optimization Phase 1 : Time (s): cpu = 00:00:05 ; elapsed = 00:00:05 . Memory (MB): peak = 1430.527 ; gain = 551.070
---------------------------------------------------------------------------------
Netlist sorting complete. Time (s): cpu = 00:00:00 ; elapsed = 00:00:00.005 . Memory (MB): peak = 1430.527 ; gain = 0.000
INFO: [Project 1-570] Preparing netlist for logic optimization

Processing XDC Constraints
Initializing timing engine
Parsing XDC File [C:/Users/Julie/OneDrive/Desktop/CA/Constraints/Basys-3-Master.xdc]
Finished Parsing XDC File [C:/Users/Julie/OneDrive/Desktop/CA/Constraints/Basys-3-Master.xdc]
INFO: [Project 1-236] Implementation specific constraints were found while reading constraint file [C:/Users/Julie/OneDrive/Desktop/CA/Constraints/Basys-3-Master.xdc]. These constraints will be ignored for synthesis but will be used in implementation. Impacted constraints are listed in the file [.Xil/MipsTopLevel_propImpl.xdc].
Resolution: To avoid this warning, move constraints listed in [.Xil/MipsTopLevel_propImpl.xdc] to another XDC file and exclude this new file from synthesis with the used_in_synthesis property (File Properties dialog in GUI) and re-run elaboration/synthesis.
Completed Processing XDC Constraints

Netlist sorting complete. Time (s): cpu = 00:00:00 ; elapsed = 00:00:00 . Memory (MB): peak = 1513.820 ; gain = 0.000
INFO: [Project 1-111] Unisim Transformation Summary:
No Unisim elements were transformed.

The system cannot find the path specified.
Constraint Validation Runtime : Time (s): cpu = 00:00:00 ; elapsed = 00:00:00.002 . Memory (MB): peak = 1513.820 ; gain = 0.000
INFO: [Designutils 20-5440] No compile time benefit to using incremental synthesis; A full resynthesis will be run
INFO: [Designutils 20-4379] Flow is switching to default flow due to incremental criteria not met. If you would like to alter this behaviour and have the flow terminate instead, please set the following parameter config_implementation {autoIncr.Synth.RejectBehavior Terminate}
---------------------------------------------------------------------------------
Finished Constraint Validation : Time (s): cpu = 00:00:11 ; elapsed = 00:00:11 . Memory (MB): peak = 1513.820 ; gain = 634.363
---------------------------------------------------------------------------------
---------------------------------------------------------------------------------
Start Loading Part and Timing Information
---------------------------------------------------------------------------------
Loading part: xc7a35tcpg236-1
---------------------------------------------------------------------------------
Finished Loading Part and Timing Information : Time (s): cpu = 00:00:11 ; elapsed = 00:00:11 . Memory (MB): peak = 1513.820 ; gain = 634.363
---------------------------------------------------------------------------------
---------------------------------------------------------------------------------
Start Applying 'set_property' XDC Constraints
---------------------------------------------------------------------------------
---------------------------------------------------------------------------------
Finished applying 'set_property' XDC Constraints : Time (s): cpu = 00:00:11 ; elapsed = 00:00:11 . Memory (MB): peak = 1513.820 ; gain = 634.363
---------------------------------------------------------------------------------
---------------------------------------------------------------------------------
Finished RTL Optimization Phase 2 : Time (s): cpu = 00:00:11 ; elapsed = 00:00:11 . Memory (MB): peak = 1513.820 ; gain = 634.363
---------------------------------------------------------------------------------
---------------------------------------------------------------------------------
Start RTL Component Statistics 
---------------------------------------------------------------------------------
Detailed RTL Component Info : 
+---Adders : 
	   2 Input   16 Bit       Adders := 3     
	   3 Input   16 Bit       Adders := 1     
+---XORs : 
	   2 Input     16 Bit         XORs := 1     
+---Registers : 
	               16 Bit    Registers := 12    
	                3 Bit    Registers := 2     
	                1 Bit    Registers := 19    
+---Muxes : 
	 257 Input   16 Bit        Muxes := 1     
	   2 Input   16 Bit        Muxes := 9     
	   8 Input    4 Bit        Muxes := 1     
	   4 Input    4 Bit        Muxes := 2     
	   2 Input    3 Bit        Muxes := 1     
	   8 Input    1 Bit        Muxes := 7     
---------------------------------------------------------------------------------
Finished RTL Component Statistics 
---------------------------------------------------------------------------------
---------------------------------------------------------------------------------
Start Part Resource Summary
---------------------------------------------------------------------------------
Part Resources:
DSPs: 90 (col length:60)
BRAMs: 100 (col length: RAMB18 60 RAMB36 30)
---------------------------------------------------------------------------------
Finished Part Resource Summary
---------------------------------------------------------------------------------
---------------------------------------------------------------------------------
Start Cross Boundary and Area Optimization
---------------------------------------------------------------------------------
WARNING: [Synth 8-7080] Parallel synthesis criteria is not met
---------------------------------------------------------------------------------
Finished Cross Boundary and Area Optimization : Time (s): cpu = 00:00:13 ; elapsed = 00:00:14 . Memory (MB): peak = 1513.820 ; gain = 634.363
---------------------------------------------------------------------------------
---------------------------------------------------------------------------------
Start ROM, RAM, DSP, Shift Register and Retiming Reporting
---------------------------------------------------------------------------------

Block RAM: Preliminary Mapping Report (see note below)
+-------------+---------------------+------------------------+---+---+------------------------+---+---+------------------+--------+--------+
|Module Name  | RTL Object          | PORT A (Depth x Width) | W | R | PORT B (Depth x Width) | W | R | Ports driving FF | RAMB18 | RAMB36 | 
+-------------+---------------------+------------------------+---+---+------------------------+---+---+------------------+--------+--------+
|MipsTopLevel | DATA_MEMORY/mem_reg | 1 K x 16(READ_FIRST)   | W | R |                        |   |   | Port A           | 0      | 1      | 
+-------------+---------------------+------------------------+---+---+------------------------+---+---+------------------+--------+--------+

Note: The table above is a preliminary report that shows the Block RAMs at the current stage of the synthesis flow. Some Block RAMs may be reimplemented as non Block RAM primitives later in the synthesis flow. Multiple instantiated Block RAMs are reported only once. 

Distributed RAM: Preliminary Mapping Report (see note below)
+-------------+-------------------------------+-----------+----------------------+-------------+
|Module Name  | RTL Object                    | Inference | Size (Depth x Width) | Primitives  | 
+-------------+-------------------------------+-----------+----------------------+-------------+
|MipsTopLevel | INSTR_DECODE/reg/reg_file_reg | Implied   | 8 x 16               | RAM32M x 6  | 
+-------------+-------------------------------+-----------+----------------------+-------------+

Note: The table above is a preliminary report that shows the Distributed RAMs at the current stage of the synthesis flow. Some Distributed RAMs may be reimplemented as non Distributed RAM primitives later in the synthesis flow. Multiple instantiated RAMs are reported only once.
---------------------------------------------------------------------------------
Finished ROM, RAM, DSP, Shift Register and Retiming Reporting
---------------------------------------------------------------------------------
---------------------------------------------------------------------------------
Start Applying XDC Timing Constraints
---------------------------------------------------------------------------------
---------------------------------------------------------------------------------
Finished Applying XDC Timing Constraints : Time (s): cpu = 00:00:17 ; elapsed = 00:00:18 . Memory (MB): peak = 1513.820 ; gain = 634.363
---------------------------------------------------------------------------------
---------------------------------------------------------------------------------
Start Timing Optimization
---------------------------------------------------------------------------------
---------------------------------------------------------------------------------
Finished Timing Optimization : Time (s): cpu = 00:00:18 ; elapsed = 00:00:19 . Memory (MB): peak = 1513.820 ; gain = 634.363
---------------------------------------------------------------------------------
---------------------------------------------------------------------------------
Start ROM, RAM, DSP, Shift Register and Retiming Reporting
---------------------------------------------------------------------------------

Block RAM: Final Mapping Report
+-------------+---------------------+------------------------+---+---+------------------------+---+---+------------------+--------+--------+
|Module Name  | RTL Object          | PORT A (Depth x Width) | W | R | PORT B (Depth x Width) | W | R | Ports driving FF | RAMB18 | RAMB36 | 
+-------------+---------------------+------------------------+---+---+------------------------+---+---+------------------+--------+--------+
|MipsTopLevel | DATA_MEMORY/mem_reg | 1 K x 16(READ_FIRST)   | W | R |                        |   |   | Port A           | 0      | 1      | 
+-------------+---------------------+------------------------+---+---+------------------------+---+---+------------------+--------+--------+


Distributed RAM: Final Mapping Report
+-------------+-------------------------------+-----------+----------------------+-------------+
|Module Name  | RTL Object                    | Inference | Size (Depth x Width) | Primitives  | 
+-------------+-------------------------------+-----------+----------------------+-------------+
|MipsTopLevel | INSTR_DECODE/reg/reg_file_reg | Implied   | 8 x 16               | RAM32M x 6  | 
+-------------+-------------------------------+-----------+----------------------+-------------+

---------------------------------------------------------------------------------
Finished ROM, RAM, DSP, Shift Register and Retiming Reporting
---------------------------------------------------------------------------------
---------------------------------------------------------------------------------
Start Technology Mapping
---------------------------------------------------------------------------------
INFO: [Synth 8-7052] The timing for the instance DATA_MEMORY/mem_reg (implemented as a Block RAM) might be sub-optimal as no optional output register could be merged into the ram block. Providing additional output register may help in improving timing.
---------------------------------------------------------------------------------
Finished Technology Mapping : Time (s): cpu = 00:00:18 ; elapsed = 00:00:19 . Memory (MB): peak = 1513.820 ; gain = 634.363
---------------------------------------------------------------------------------
---------------------------------------------------------------------------------
Start IO Insertion
---------------------------------------------------------------------------------
---------------------------------------------------------------------------------
Start Flattening Before IO Insertion
---------------------------------------------------------------------------------
---------------------------------------------------------------------------------
Finished Flattening Before IO Insertion
---------------------------------------------------------------------------------
---------------------------------------------------------------------------------
Start Final Netlist Cleanup
---------------------------------------------------------------------------------
---------------------------------------------------------------------------------
Finished Final Netlist Cleanup
---------------------------------------------------------------------------------
---------------------------------------------------------------------------------
Finished IO Insertion : Time (s): cpu = 00:00:21 ; elapsed = 00:00:22 . Memory (MB): peak = 1513.820 ; gain = 634.363
---------------------------------------------------------------------------------
---------------------------------------------------------------------------------
Start Renaming Generated Instances
---------------------------------------------------------------------------------
---------------------------------------------------------------------------------
Finished Renaming Generated Instances : Time (s): cpu = 00:00:21 ; elapsed = 00:00:22 . Memory (MB): peak = 1513.820 ; gain = 634.363
---------------------------------------------------------------------------------
---------------------------------------------------------------------------------
Start Rebuilding User Hierarchy
---------------------------------------------------------------------------------
---------------------------------------------------------------------------------
Finished Rebuilding User Hierarchy : Time (s): cpu = 00:00:21 ; elapsed = 00:00:22 . Memory (MB): peak = 1513.820 ; gain = 634.363
---------------------------------------------------------------------------------
---------------------------------------------------------------------------------
Start Renaming Generated Ports
---------------------------------------------------------------------------------
---------------------------------------------------------------------------------
Finished Renaming Generated Ports : Time (s): cpu = 00:00:21 ; elapsed = 00:00:22 . Memory (MB): peak = 1513.820 ; gain = 634.363
---------------------------------------------------------------------------------
---------------------------------------------------------------------------------
Start Handling Custom Attributes
---------------------------------------------------------------------------------
---------------------------------------------------------------------------------
Finished Handling Custom Attributes : Time (s): cpu = 00:00:21 ; elapsed = 00:00:22 . Memory (MB): peak = 1513.820 ; gain = 634.363
---------------------------------------------------------------------------------
---------------------------------------------------------------------------------
Start Renaming Generated Nets
---------------------------------------------------------------------------------
---------------------------------------------------------------------------------
Finished Renaming Generated Nets : Time (s): cpu = 00:00:21 ; elapsed = 00:00:22 . Memory (MB): peak = 1513.820 ; gain = 634.363
---------------------------------------------------------------------------------
---------------------------------------------------------------------------------
Start ROM, RAM, DSP, Shift Register and Retiming Reporting
---------------------------------------------------------------------------------

Static Shift Register Report:
+-------------+---------------------+--------+-------+--------------+--------------------+-------------------+--------+---------+
|Module Name  | RTL Name            | Length | Width | Reset Signal | Pull out first Reg | Pull out last Reg | SRL16E | SRLC32E | 
+-------------+---------------------+--------+-------+--------------+--------------------+-------------------+--------+---------+
|MipsTopLevel | mem_wb_MemToReg_reg | 3      | 1     | NO           | NO                 | YES               | 1      | 0       | 
|MipsTopLevel | mem_wb_RegWrite_reg | 3      | 1     | NO           | NO                 | YES               | 1      | 0       | 
+-------------+---------------------+--------+-------+--------------+--------------------+-------------------+--------+---------+

---------------------------------------------------------------------------------
Finished ROM, RAM, DSP, Shift Register and Retiming Reporting
---------------------------------------------------------------------------------
---------------------------------------------------------------------------------
Start Writing Synthesis Report
---------------------------------------------------------------------------------

Report BlackBoxes: 
+-+--------------+----------+
| |BlackBox name |Instances |
+-+--------------+----------+
+-+--------------+----------+

Report Cell Usage: 
+------+---------+------+
|      |Cell     |Count |
+------+---------+------+
|1     |BUFG     |     2|
|2     |CARRY4   |    20|
|3     |LUT1     |     2|
|4     |LUT2     |    38|
|5     |LUT3     |    36|
|6     |LUT4     |    58|
|7     |LUT5     |    33|
|8     |LUT6     |    93|
|9     |RAM32M   |     6|
|10    |RAMB36E1 |     1|
|11    |SRL16E   |     2|
|12    |FDCE     |    16|
|13    |FDRE     |   169|
|14    |FDSE     |     4|
|15    |IBUF     |     7|
|16    |OBUF     |    27|
+------+---------+------+
---------------------------------------------------------------------------------
Finished Writing Synthesis Report : Time (s): cpu = 00:00:21 ; elapsed = 00:00:22 . Memory (MB): peak = 1513.820 ; gain = 634.363
---------------------------------------------------------------------------------
Synthesis finished with 0 errors, 0 critical warnings and 1 warnings.
Synthesis Optimization Runtime : Time (s): cpu = 00:00:15 ; elapsed = 00:00:21 . Memory (MB): peak = 1513.820 ; gain = 551.070
Synthesis Optimization Complete : Time (s): cpu = 00:00:21 ; elapsed = 00:00:22 . Memory (MB): peak = 1513.820 ; gain = 634.363
INFO: [Project 1-571] Translating synthesized netlist
Netlist sorting complete. Time (s): cpu = 00:00:00 ; elapsed = 00:00:00.007 . Memory (MB): peak = 1513.820 ; gain = 0.000
INFO: [Netlist 29-17] Analyzing 27 Unisim elements for replacement
INFO: [Netlist 29-28] Unisim Transformation completed in 0 CPU seconds
INFO: [Project 1-570] Preparing netlist for logic optimization
INFO: [Opt 31-138] Pushed 0 inverter(s) to 0 load pin(s).
Netlist sorting complete. Time (s): cpu = 00:00:00 ; elapsed = 00:00:00 . Memory (MB): peak = 1513.820 ; gain = 0.000
INFO: [Project 1-111] Unisim Transformation Summary:
  A total of 6 instances were transformed.
  RAM32M => RAM32M (RAMD32(x6), RAMS32(x2)): 6 instances

The system cannot find the path specified.
Synth Design complete | Checksum: 2ace23c7
INFO: [Common 17-83] Releasing license: Synthesis
53 Infos, 49 Warnings, 0 Critical Warnings and 0 Errors encountered.
synth_design completed successfully
synth_design: Time (s): cpu = 00:00:24 ; elapsed = 00:00:26 . Memory (MB): peak = 1513.820 ; gain = 1026.578
Write ShapeDB Complete: Time (s): cpu = 00:00:00 ; elapsed = 00:00:00.002 . Memory (MB): peak = 1513.820 ; gain = 0.000
INFO: [Common 17-1381] The checkpoint 'C:/Users/Julie/OneDrive/Desktop/CA/MIPS_Pipeline/MIPS.runs/synth_1/MipsTopLevel.dcp' has been generated.
INFO: [runtcl-4] Executing : report_utilization -file MipsTopLevel_utilization_synth.rpt -pb MipsTopLevel_utilization_synth.pb
INFO: [Common 17-206] Exiting Vivado at Tue May 28 13:26:14 2024...
